
ROM used:   870/8192 (11%)
            870/8192 (11%) including unused fragments

            0.3 Average locations per line
            2.0 Average locations per statement

RAM used:   27/368 (7%) at main() level
            42/368 (11%) worst case

Stack used: 5 worst case (5 in main + 0 for interrupts)
Stack size: 8

Lines Stmts  %   Files
----- ----- ---  -----
  175    93  21  main.c
   10     0   0  main.h
  671     0   0  ..\..\..\..\Program Files (x86)\PICC\Devices\16F877A.h
  249    88  20  ..\..\..\..\Program Files (x86)\PICC\Devices\lcd.h
 2229   257  59  ..\..\..\..\Program Files (x86)\PICC\Drivers\math.h
----- -----
 3334   438 Total

Page ROM  %  RAM    Vol Diff  Functions:
---- --- --- ---    --- ----  ----------
0     14   2    1             @delay_ms2
0      8   1    0             @const783
 Inline         2    594  4.3  lcd_init
 Inline         3    620  3.8  lcd_read_byte
0     57   7    2    204  3.2  lcd_read_nibble
0    135  16    3    313  3.4  lcd_send_byte
0     55   6    1    336  1.9  lcd_send_nibble
0     35   4    4    335  5.5  lcd_gotoxy
0     36   4    1    291  3.0  lcd_putc
0     47   5    2    292  3.7  dieuKhienCot
0      8   1    0             @goto11211
0     16   2    1    110  3.4  khoiDongPhim
0    151  17    2   1731  3.9  quetPhim
0     93  11    0     27  0.9  lcd
0    110  13    5    586  5.1  MAIN
0      9   1    0             @const810
0     86  10    4             @PSTRINGC7_781
0      6   1    0             @const812
 Inline         0             @cinit1

Program metrics:
    Functions               12
    Statements              438
    Comments                541
    Volume (V)              8493
    Difficulty (D)          42.7
    Effort to implement (E) 362652
    Time to implement (T)   5 hours, 36 minutes
    Est Delivered Bugs (B)  2
    Cyclomatic Complexity   32
    Maintainability (MI)    37

 Segment     Used  Free
-----------  ----  ----
00000-00003     4  0  
00004-007FF   866  1178  
00800-00FFF     0  2048  
01000-017FF     0  2048  
01800-01FFF     0  2048  



